This file contains any messages produced by compilers while
running configure, to aid debugging if configure makes a mistake.

It was created by configure, which was
generated by GNU Autoconf 2.68.  Invocation command line was

  $ ./configure --no-create --no-recursion

## --------- ##
## Platform. ##
## --------- ##

hostname = develon
uname -m = x86_64
uname -r = 3.2.0-31-generic
uname -s = Linux
uname -v = #50-Ubuntu SMP Fri Sep 7 16:16:45 UTC 2012

/usr/bin/uname -p = unknown
/bin/uname -X     = unknown

/bin/arch              = unknown
/usr/bin/arch -k       = unknown
/usr/convex/getsysinfo = unknown
/usr/bin/hostinfo      = unknown
/bin/machine           = unknown
/usr/bin/oslevel       = unknown
/bin/universe          = unknown

PATH: /home/aneuhold/bin
PATH: /usr/lib/lightdm/lightdm
PATH: /usr/local/sbin
PATH: /usr/local/bin
PATH: /usr/sbin
PATH: /usr/bin
PATH: /sbin
PATH: /bin
PATH: /usr/games


## ----------- ##
## Core tests. ##
## ----------- ##

configure:2161: checking for gcc
configure:2177: found /usr/bin/gcc
configure:2188: result: gcc
configure:2417: checking for C compiler version
configure:2426: gcc --version >&5
gcc (Ubuntu/Linaro 4.6.3-1ubuntu5) 4.6.3
Copyright (C) 2011 Free Software Foundation, Inc.
This is free software; see the source for copying conditions.  There is NO
warranty; not even for MERCHANTABILITY or FITNESS FOR A PARTICULAR PURPOSE.

configure:2437: $? = 0
configure:2426: gcc -v >&5
Using built-in specs.
COLLECT_GCC=gcc
COLLECT_LTO_WRAPPER=/usr/lib/gcc/x86_64-linux-gnu/4.6/lto-wrapper
Target: x86_64-linux-gnu
Configured with: ../src/configure -v --with-pkgversion='Ubuntu/Linaro 4.6.3-1ubuntu5' --with-bugurl=file:///usr/share/doc/gcc-4.6/README.Bugs --enable-languages=c,c++,fortran,objc,obj-c++ --prefix=/usr --program-suffix=-4.6 --enable-shared --enable-linker-build-id --with-system-zlib --libexecdir=/usr/lib --without-included-gettext --enable-threads=posix --with-gxx-include-dir=/usr/include/c++/4.6 --libdir=/usr/lib --enable-nls --with-sysroot=/ --enable-clocale=gnu --enable-libstdcxx-debug --enable-libstdcxx-time=yes --enable-gnu-unique-object --enable-plugin --enable-objc-gc --disable-werror --with-arch-32=i686 --with-tune=generic --enable-checking=release --build=x86_64-linux-gnu --host=x86_64-linux-gnu --target=x86_64-linux-gnu
Thread model: posix
gcc version 4.6.3 (Ubuntu/Linaro 4.6.3-1ubuntu5) 
configure:2437: $? = 0
configure:2426: gcc -V >&5
gcc: error: unrecognized option '-V'
gcc: fatal error: no input files
compilation terminated.
configure:2437: $? = 4
configure:2426: gcc -qversion >&5
gcc: error: unrecognized option '-qversion'
gcc: fatal error: no input files
compilation terminated.
configure:2437: $? = 4
configure:2457: checking whether the C compiler works
configure:2479: gcc    conftest.c  >&5
configure:2483: $? = 0
configure:2531: result: yes
configure:2534: checking for C compiler default output file name
configure:2536: result: a.out
configure:2542: checking for suffix of executables
configure:2549: gcc -o conftest    conftest.c  >&5
configure:2553: $? = 0
configure:2575: result: 
configure:2597: checking whether we are cross compiling
configure:2605: gcc -o conftest    conftest.c  >&5
configure:2609: $? = 0
configure:2616: ./conftest
configure:2620: $? = 0
configure:2635: result: no
configure:2640: checking for suffix of object files
configure:2662: gcc -c   conftest.c >&5
configure:2666: $? = 0
configure:2687: result: o
configure:2691: checking whether we are using the GNU C compiler
configure:2710: gcc -c   conftest.c >&5
configure:2710: $? = 0
configure:2719: result: yes
configure:2728: checking whether gcc accepts -g
configure:2748: gcc -c -g  conftest.c >&5
configure:2748: $? = 0
configure:2789: result: yes
configure:2806: checking for gcc option to accept ISO C89
configure:2870: gcc  -c -g -O2  conftest.c >&5
configure:2870: $? = 0
configure:2883: result: none needed
configure:2946: checking for a BSD-compatible install
configure:3014: result: /usr/bin/install -c
configure:3030: checking build system type
configure:3044: result: x86_64-unknown-linux-gnu
configure:3064: checking host system type
configure:3077: result: x86_64-unknown-linux-gnu
configure:3097: checking target system type
configure:3110: result: x86_64-unknown-linux-gnu
configure:3387: checking whether build environment is sane
configure:3424: result: yes
configure:3455: checking for gawk
configure:3471: found /usr/bin/gawk
configure:3482: result: gawk
configure:3493: checking whether make sets $(MAKE)
configure:3515: result: yes
configure:3566: checking for style of include used by make
configure:3594: result: GNU
configure:3658: checking dependency style of gcc
configure:3720: result: gcc3
configure:3731: checking how to run the C preprocessor
configure:3762: gcc -E  conftest.c
configure:3762: $? = 0
configure:3776: gcc -E  conftest.c
conftest.c:11:28: fatal error: ac_nonexistent.h: No such file or directory
compilation terminated.
configure:3776: $? = 1
configure: failed program was:
| /* confdefs.h */
| #define PACKAGE_NAME ""
| #define PACKAGE_TARNAME ""
| #define PACKAGE_VERSION ""
| #define PACKAGE_STRING ""
| #define PACKAGE_BUGREPORT ""
| #define PACKAGE_URL ""
| #define PACKAGE "dhcping"
| #define VERSION "1.2"
| /* end confdefs.h.  */
| #include <ac_nonexistent.h>
configure:3801: result: gcc -E
configure:3821: gcc -E  conftest.c
configure:3821: $? = 0
configure:3835: gcc -E  conftest.c
conftest.c:11:28: fatal error: ac_nonexistent.h: No such file or directory
compilation terminated.
configure:3835: $? = 1
configure: failed program was:
| /* confdefs.h */
| #define PACKAGE_NAME ""
| #define PACKAGE_TARNAME ""
| #define PACKAGE_VERSION ""
| #define PACKAGE_STRING ""
| #define PACKAGE_BUGREPORT ""
| #define PACKAGE_URL ""
| #define PACKAGE "dhcping"
| #define VERSION "1.2"
| /* end confdefs.h.  */
| #include <ac_nonexistent.h>
configure:3864: checking for grep that handles long lines and -e
configure:3922: result: /bin/grep
configure:3927: checking for egrep
configure:3989: result: /bin/grep -E
configure:3994: checking for ANSI C header files
configure:4014: gcc -c -g -O2  conftest.c >&5
configure:4014: $? = 0
configure:4087: gcc -o conftest -g -O2   conftest.c  >&5
configure:4087: $? = 0
configure:4087: ./conftest
configure:4087: $? = 0
configure:4098: result: yes
configure:4106: checking whether time.h and sys/time.h may both be included
configure:4126: gcc -c -g -O2  conftest.c >&5
configure:4126: $? = 0
configure:4133: result: yes
configure:4146: checking for sys/types.h
configure:4146: gcc -c -g -O2  conftest.c >&5
configure:4146: $? = 0
configure:4146: result: yes
configure:4146: checking for sys/stat.h
configure:4146: gcc -c -g -O2  conftest.c >&5
configure:4146: $? = 0
configure:4146: result: yes
configure:4146: checking for stdlib.h
configure:4146: gcc -c -g -O2  conftest.c >&5
configure:4146: $? = 0
configure:4146: result: yes
configure:4146: checking for string.h
configure:4146: gcc -c -g -O2  conftest.c >&5
configure:4146: $? = 0
configure:4146: result: yes
configure:4146: checking for memory.h
configure:4146: gcc -c -g -O2  conftest.c >&5
configure:4146: $? = 0
configure:4146: result: yes
configure:4146: checking for strings.h
configure:4146: gcc -c -g -O2  conftest.c >&5
configure:4146: $? = 0
configure:4146: result: yes
configure:4146: checking for inttypes.h
configure:4146: gcc -c -g -O2  conftest.c >&5
configure:4146: $? = 0
configure:4146: result: yes
configure:4146: checking for stdint.h
configure:4146: gcc -c -g -O2  conftest.c >&5
configure:4146: $? = 0
configure:4146: result: yes
configure:4146: checking for unistd.h
configure:4146: gcc -c -g -O2  conftest.c >&5
configure:4146: $? = 0
configure:4146: result: yes
configure:4161: checking netdb.h usability
configure:4161: gcc -c -g -O2  conftest.c >&5
configure:4161: $? = 0
configure:4161: result: yes
configure:4161: checking netdb.h presence
configure:4161: gcc -E  conftest.c
configure:4161: $? = 0
configure:4161: result: yes
configure:4161: checking for netdb.h
configure:4161: result: yes
configure:4161: checking netinet/in.h usability
configure:4161: gcc -c -g -O2  conftest.c >&5
configure:4161: $? = 0
configure:4161: result: yes
configure:4161: checking netinet/in.h presence
configure:4161: gcc -E  conftest.c
configure:4161: $? = 0
configure:4161: result: yes
configure:4161: checking for netinet/in.h
configure:4161: result: yes
configure:4161: checking for stdlib.h
configure:4161: result: yes
configure:4161: checking for string.h
configure:4161: result: yes
configure:4161: checking sys/socket.h usability
configure:4161: gcc -c -g -O2  conftest.c >&5
configure:4161: $? = 0
configure:4161: result: yes
configure:4161: checking sys/socket.h presence
configure:4161: gcc -E  conftest.c
configure:4161: $? = 0
configure:4161: result: yes
configure:4161: checking for sys/socket.h
configure:4161: result: yes
configure:4161: checking sys/time.h usability
configure:4161: gcc -c -g -O2  conftest.c >&5
configure:4161: $? = 0
configure:4161: result: yes
configure:4161: checking sys/time.h presence
configure:4161: gcc -E  conftest.c
configure:4161: $? = 0
configure:4161: result: yes
configure:4161: checking for sys/time.h
configure:4161: result: yes
configure:4161: checking for unistd.h
configure:4161: result: yes
configure:4175: checking for gethostbyname
configure:4175: gcc -o conftest -g -O2   conftest.c  >&5
configure:4175: $? = 0
configure:4175: result: yes
configure:4175: checking for memset
configure:4175: gcc -o conftest -g -O2   conftest.c  >&5
conftest.c:53:6: warning: conflicting types for built-in function 'memset' [enabled by default]
configure:4175: $? = 0
configure:4175: result: yes
configure:4175: checking for select
configure:4175: gcc -o conftest -g -O2   conftest.c  >&5
configure:4175: $? = 0
configure:4175: result: yes
configure:4175: checking for socket
configure:4175: gcc -o conftest -g -O2   conftest.c  >&5
configure:4175: $? = 0
configure:4175: result: yes
configure:4337: creating ./config.status

## ---------------- ##
## Cache variables. ##
## ---------------- ##

ac_cv_build=x86_64-unknown-linux-gnu
ac_cv_c_compiler_gnu=yes
ac_cv_env_CC_set=
ac_cv_env_CC_value=
ac_cv_env_CFLAGS_set=
ac_cv_env_CFLAGS_value=
ac_cv_env_CPPFLAGS_set=
ac_cv_env_CPPFLAGS_value=
ac_cv_env_CPP_set=
ac_cv_env_CPP_value=
ac_cv_env_LDFLAGS_set=
ac_cv_env_LDFLAGS_value=
ac_cv_env_LIBS_set=
ac_cv_env_LIBS_value=
ac_cv_env_build_alias_set=
ac_cv_env_build_alias_value=
ac_cv_env_host_alias_set=
ac_cv_env_host_alias_value=
ac_cv_env_target_alias_set=
ac_cv_env_target_alias_value=
ac_cv_func_gethostbyname=yes
ac_cv_func_memset=yes
ac_cv_func_select=yes
ac_cv_func_socket=yes
ac_cv_header_inttypes_h=yes
ac_cv_header_memory_h=yes
ac_cv_header_netdb_h=yes
ac_cv_header_netinet_in_h=yes
ac_cv_header_stdc=yes
ac_cv_header_stdint_h=yes
ac_cv_header_stdlib_h=yes
ac_cv_header_string_h=yes
ac_cv_header_strings_h=yes
ac_cv_header_sys_socket_h=yes
ac_cv_header_sys_stat_h=yes
ac_cv_header_sys_time_h=yes
ac_cv_header_sys_types_h=yes
ac_cv_header_time=yes
ac_cv_header_unistd_h=yes
ac_cv_host=x86_64-unknown-linux-gnu
ac_cv_objext=o
ac_cv_path_EGREP='/bin/grep -E'
ac_cv_path_GREP=/bin/grep
ac_cv_path_install='/usr/bin/install -c'
ac_cv_prog_AWK=gawk
ac_cv_prog_CPP='gcc -E'
ac_cv_prog_ac_ct_CC=gcc
ac_cv_prog_cc_c89=
ac_cv_prog_cc_g=yes
ac_cv_prog_make_make_set=yes
ac_cv_target=x86_64-unknown-linux-gnu
am_cv_CC_dependencies_compiler_type=gcc3

## ----------------- ##
## Output variables. ##
## ----------------- ##

ACLOCAL='${SHELL} /home/aneuhold/Developer/svn/cnr/trunk/scripts/dhcping/missing --run aclocal'
AMDEPBACKSLASH='\'
AMDEP_FALSE='#'
AMDEP_TRUE=''
AMTAR='${SHELL} /home/aneuhold/Developer/svn/cnr/trunk/scripts/dhcping/missing --run tar'
AUTOCONF='${SHELL} /home/aneuhold/Developer/svn/cnr/trunk/scripts/dhcping/missing --run autoconf'
AUTOHEADER='${SHELL} /home/aneuhold/Developer/svn/cnr/trunk/scripts/dhcping/missing --run autoheader'
AUTOMAKE='${SHELL} /home/aneuhold/Developer/svn/cnr/trunk/scripts/dhcping/missing --run automake'
AWK='gawk'
CC='gcc'
CCDEPMODE='depmode=gcc3'
CFLAGS='-g -O2'
CPP='gcc -E'
CPPFLAGS=''
DEFS='-DPACKAGE_NAME=\"\" -DPACKAGE_TARNAME=\"\" -DPACKAGE_VERSION=\"\" -DPACKAGE_STRING=\"\" -DPACKAGE_BUGREPORT=\"\" -DPACKAGE_URL=\"\" -DPACKAGE=\"dhcping\" -DVERSION=\"1.2\" -DSTDC_HEADERS=1 -DTIME_WITH_SYS_TIME=1 -DHAVE_SYS_TYPES_H=1 -DHAVE_SYS_STAT_H=1 -DHAVE_STDLIB_H=1 -DHAVE_STRING_H=1 -DHAVE_MEMORY_H=1 -DHAVE_STRINGS_H=1 -DHAVE_INTTYPES_H=1 -DHAVE_STDINT_H=1 -DHAVE_UNISTD_H=1 -DHAVE_NETDB_H=1 -DHAVE_NETINET_IN_H=1 -DHAVE_STDLIB_H=1 -DHAVE_STRING_H=1 -DHAVE_SYS_SOCKET_H=1 -DHAVE_SYS_TIME_H=1 -DHAVE_UNISTD_H=1 -DHAVE_GETHOSTBYNAME=1 -DHAVE_MEMSET=1 -DHAVE_SELECT=1 -DHAVE_SOCKET=1'
DEPDIR='.deps'
ECHO_C=''
ECHO_N='-n'
ECHO_T=''
EGREP='/bin/grep -E'
EXEEXT=''
GREP='/bin/grep'
INSTALL_DATA='${INSTALL} -m 644'
INSTALL_PROGRAM='${INSTALL}'
INSTALL_SCRIPT='${INSTALL}'
INSTALL_STRIP_PROGRAM='${SHELL} $(install_sh) -c -s'
LDFLAGS=''
LIBOBJS=''
LIBS=''
LTLIBOBJS=''
MAKEINFO='${SHELL} /home/aneuhold/Developer/svn/cnr/trunk/scripts/dhcping/missing --run makeinfo'
OBJEXT='o'
OS_OPT=''
PACKAGE='dhcping'
PACKAGE_BUGREPORT=''
PACKAGE_NAME=''
PACKAGE_STRING=''
PACKAGE_TARNAME=''
PACKAGE_URL=''
PACKAGE_VERSION=''
PATH_SEPARATOR=':'
SET_MAKE=''
SHELL='/bin/bash'
VERSION='1.2'
ac_ct_CC='gcc'
am__include='include'
am__quote=''
bindir='${exec_prefix}/bin'
build='x86_64-unknown-linux-gnu'
build_alias=''
build_cpu='x86_64'
build_os='linux-gnu'
build_vendor='unknown'
datadir='${datarootdir}'
datarootdir='${prefix}/share'
docdir='${datarootdir}/doc/${PACKAGE}'
dvidir='${docdir}'
exec_prefix='${prefix}'
host='x86_64-unknown-linux-gnu'
host_alias=''
host_cpu='x86_64'
host_os='linux-gnu'
host_vendor='unknown'
htmldir='${docdir}'
includedir='${prefix}/include'
infodir='${datarootdir}/info'
install_sh='/home/aneuhold/Developer/svn/cnr/trunk/scripts/dhcping/install-sh'
libdir='${exec_prefix}/lib'
libexecdir='${exec_prefix}/libexec'
localedir='${datarootdir}/locale'
localstatedir='${prefix}/var'
mandir='${datarootdir}/man'
oldincludedir='/usr/include'
pdfdir='${docdir}'
prefix='/usr/local'
program_transform_name='s,x,x,'
psdir='${docdir}'
sbindir='${exec_prefix}/sbin'
sharedstatedir='${prefix}/com'
sysconfdir='${prefix}/etc'
target='x86_64-unknown-linux-gnu'
target_alias=''
target_cpu='x86_64'
target_os='linux-gnu'
target_vendor='unknown'

## ----------- ##
## confdefs.h. ##
## ----------- ##

/* confdefs.h */
#define PACKAGE_NAME ""
#define PACKAGE_TARNAME ""
#define PACKAGE_VERSION ""
#define PACKAGE_STRING ""
#define PACKAGE_BUGREPORT ""
#define PACKAGE_URL ""
#define PACKAGE "dhcping"
#define VERSION "1.2"
#define STDC_HEADERS 1
#define TIME_WITH_SYS_TIME 1
#define HAVE_SYS_TYPES_H 1
#define HAVE_SYS_STAT_H 1
#define HAVE_STDLIB_H 1
#define HAVE_STRING_H 1
#define HAVE_MEMORY_H 1
#define HAVE_STRINGS_H 1
#define HAVE_INTTYPES_H 1
#define HAVE_STDINT_H 1
#define HAVE_UNISTD_H 1
#define HAVE_NETDB_H 1
#define HAVE_NETINET_IN_H 1
#define HAVE_STDLIB_H 1
#define HAVE_STRING_H 1
#define HAVE_SYS_SOCKET_H 1
#define HAVE_SYS_TIME_H 1
#define HAVE_UNISTD_H 1
#define HAVE_GETHOSTBYNAME 1
#define HAVE_MEMSET 1
#define HAVE_SELECT 1
#define HAVE_SOCKET 1

configure: exit 0

## ---------------------- ##
## Running config.status. ##
## ---------------------- ##

This file was extended by config.status, which was
generated by GNU Autoconf 2.68.  Invocation command line was

  CONFIG_FILES    = Makefile
  CONFIG_HEADERS  = 
  CONFIG_LINKS    = 
  CONFIG_COMMANDS = 
  $ ./config.status 

on develon

config.status:: creating Makefile
config.status:: WARNING:  'Makefile.in' seems to ignore the --datarootdir setting
config.status:: executing default-1 commands
